-------------------------------------------------------------------------------
Test set: com.stech.SpringbootJspLoginAppApplicationTests
-------------------------------------------------------------------------------
Tests run: 1, Failures: 0, Errors: 1, Skipped: 0, Time elapsed: 0.216 s <<< FAILURE! - in com.stech.SpringbootJspLoginAppApplicationTests
com.stech.SpringbootJspLoginAppApplicationTests  Time elapsed: 0.215 s  <<< ERROR!
java.lang.IllegalStateException: Unable to find a @SpringBootConfiguration, you need to use @ContextConfiguration or @SpringBootTest(classes=...) with your test

